2012/08/17 15:54:06 [error] [exception.CException] exception 'CException' with message 'CAssetManager.basePath "/var/www/kabalaba/assets" is invalid. Please make sure the directory exists and is writable by the Web server process.' in /var/www/yii/framework/web/CAssetManager.php:116
Stack trace:
#0 /var/www/yii/framework/web/CAssetManager.php(101): CAssetManager->setBasePath('/var/www/kabala...')
#1 /var/www/yii/framework/web/CAssetManager.php(219): CAssetManager->getBasePath()
#2 /var/www/yii/framework/web/CClientScript.php(449): CAssetManager->publish('/var/www/yii/fr...')
#3 /var/www/yii/framework/web/CClientScript.php(486): CClientScript->getCoreScriptUrl()
#4 /var/www/yii/framework/web/CClientScript.php(302): CClientScript->getPackageBaseUrl('jquery')
#5 /var/www/yii/framework/web/CClientScript.php(195): CClientScript->renderCoreScripts()
#6 /var/www/yii/framework/web/CController.php(352): CClientScript->render('<!DOCTYPE html ...')
#7 /var/www/yii/framework/web/CController.php(789): CController->processOutput('<!DOCTYPE html ...')
#8 /var/www/kabalaba/protected/controllers/SiteController.php(66): CController->render('contact', Array)
#9 /var/www/yii/framework/web/actions/CInlineAction.php(50): SiteController->actionContact()
#10 /var/www/yii/framework/web/CController.php(309): CInlineAction->runWithParams(Array)
#11 /var/www/yii/framework/web/CController.php(287): CController->runAction(Object(CInlineAction))
#12 /var/www/yii/framework/web/CController.php(266): CController->runActionWithFilters(Object(CInlineAction), Array)
#13 /var/www/yii/framework/web/CWebApplication.php(276): CController->run('contact')
#14 /var/www/yii/framework/web/CWebApplication.php(135): CWebApplication->runController('site/contact')
#15 /var/www/yii/framework/base/CApplication.php(162): CWebApplication->processRequest()
#16 /var/www/kabalaba/index.php(13): CApplication->run()
#17 {main}
REQUEST_URI=/kabalaba/index.php?r=site/contact
HTTP_REFERER=http://localhost/kabalaba/index.php?r=site/page&view=about
---
2012/08/17 16:39:55 [error] [exception.CDbException] exception 'CDbException' with message 'CDbConnection failed to open the DB connection: SQLSTATE[42000] [1044] Access denied for user 'kabalaba'@'%' to database 'testdrive'' in /var/www/yii/framework/db/CDbConnection.php:382
Stack trace:
#0 /var/www/yii/framework/db/CDbConnection.php(331): CDbConnection->open()
#1 /var/www/yii/framework/db/CDbConnection.php(309): CDbConnection->setActive(true)
#2 /var/www/yii/framework/base/CModule.php(388): CDbConnection->init()
#3 /var/www/yii/framework/base/CModule.php(104): CModule->getComponent('db')
#4 /var/www/yii/framework/gii/generators/crud/CrudCode.php(44): CModule->__get('db')
#5 /var/www/yii/framework/web/CFormModel.php(40): CrudCode->init()
#6 /var/www/yii/framework/gii/CCodeGenerator.php(152): CFormModel->__construct()
#7 /var/www/yii/framework/gii/CCodeGenerator.php(64): CCodeGenerator->prepare()
#8 /var/www/yii/framework/web/actions/CInlineAction.php(50): CCodeGenerator->actionIndex()
#9 /var/www/yii/framework/web/CController.php(309): CInlineAction->runWithParams(Array)
#10 /var/www/yii/framework/web/CController.php(287): CController->runAction(Object(CInlineAction))
#11 /var/www/yii/framework/web/CController.php(266): CController->runActionWithFilters(Object(CInlineAction), Array)
#12 /var/www/yii/framework/web/CWebApplication.php(276): CController->run('')
#13 /var/www/yii/framework/web/CWebApplication.php(135): CWebApplication->runController('gii/crud')
#14 /var/www/yii/framework/base/CApplication.php(162): CWebApplication->processRequest()
#15 /var/www/kabalaba/index.php(13): CApplication->run()
#16 {main}
REQUEST_URI=/kabalaba/index.php?r=gii/crud
HTTP_REFERER=http://localhost/kabalaba/index.php?r=gii/controller
---
2012/08/17 16:43:17 [error] [exception.CHttpException.404] exception 'CHttpException' with message 'Unable to resolve the request "user".' in /var/www/yii/framework/web/CWebApplication.php:280
Stack trace:
#0 /var/www/yii/framework/web/CWebApplication.php(135): CWebApplication->runController('user')
#1 /var/www/yii/framework/base/CApplication.php(162): CWebApplication->processRequest()
#2 /var/www/kabalaba/index.php(13): CApplication->run()
#3 {main}
REQUEST_URI=/kabalaba/index.php?r=user
---
2012/08/17 16:45:04 [error] [exception.CHttpException.404] exception 'CHttpException' with message 'Unable to resolve the request "user".' in /var/www/yii/framework/web/CWebApplication.php:280
Stack trace:
#0 /var/www/yii/framework/web/CWebApplication.php(135): CWebApplication->runController('user')
#1 /var/www/yii/framework/base/CApplication.php(162): CWebApplication->processRequest()
#2 /var/www/kabalaba/index.php(13): CApplication->run()
#3 {main}
REQUEST_URI=/kabalaba/index.php?r=user
---
2012/08/17 16:45:22 [error] [exception.CHttpException.404] exception 'CHttpException' with message 'Unable to resolve the request "User".' in /var/www/yii/framework/web/CWebApplication.php:280
Stack trace:
#0 /var/www/yii/framework/web/CWebApplication.php(135): CWebApplication->runController('User')
#1 /var/www/yii/framework/base/CApplication.php(162): CWebApplication->processRequest()
#2 /var/www/kabalaba/index.php(13): CApplication->run()
#3 {main}
REQUEST_URI=/kabalaba/index.php?r=User
---
2012/08/17 16:45:29 [error] [exception.CHttpException.404] exception 'CHttpException' with message 'Unable to resolve the request "user".' in /var/www/yii/framework/web/CWebApplication.php:280
Stack trace:
#0 /var/www/yii/framework/web/CWebApplication.php(135): CWebApplication->runController('user')
#1 /var/www/yii/framework/base/CApplication.php(162): CWebApplication->processRequest()
#2 /var/www/kabalaba/index.php(13): CApplication->run()
#3 {main}
REQUEST_URI=/kabalaba/index.php?r=user
---
2012/08/17 17:18:02 [error] [exception.CHttpException.403] exception 'CHttpException' with message 'You are not authorized to perform this action.' in /var/www/yii/framework/web/auth/CAccessControlFilter.php:157
Stack trace:
#0 /var/www/yii/framework/web/auth/CAccessControlFilter.php(120): CAccessControlFilter->accessDenied(Object(CWebUser), 'You are not aut...')
#1 /var/www/yii/framework/web/filters/CFilter.php(39): CAccessControlFilter->preFilter(Object(CFilterChain))
#2 /var/www/yii/framework/web/CController.php(1146): CFilter->filter(Object(CFilterChain))
#3 /var/www/yii/framework/web/filters/CInlineFilter.php(59): CController->filterAccessControl(Object(CFilterChain))
#4 /var/www/yii/framework/web/filters/CFilterChain.php(131): CInlineFilter->filter(Object(CFilterChain))
#5 /var/www/yii/framework/web/CController.php(292): CFilterChain->run()
#6 /var/www/yii/framework/web/CController.php(266): CController->runActionWithFilters(Object(CInlineAction), Array)
#7 /var/www/yii/framework/web/CWebApplication.php(276): CController->run('admin')
#8 /var/www/yii/framework/web/CWebApplication.php(135): CWebApplication->runController('user/admin')
#9 /var/www/yii/framework/base/CApplication.php(162): CWebApplication->processRequest()
#10 /var/www/kabalaba/index.php(13): CApplication->run()
#11 {main}
REQUEST_URI=/kabalaba/index.php?r=user/admin
---
2012/08/17 17:18:39 [error] [exception.CHttpException.403] exception 'CHttpException' with message 'You are not authorized to perform this action.' in /var/www/yii/framework/web/auth/CAccessControlFilter.php:157
Stack trace:
#0 /var/www/yii/framework/web/auth/CAccessControlFilter.php(120): CAccessControlFilter->accessDenied(Object(CWebUser), 'You are not aut...')
#1 /var/www/yii/framework/web/filters/CFilter.php(39): CAccessControlFilter->preFilter(Object(CFilterChain))
#2 /var/www/yii/framework/web/CController.php(1146): CFilter->filter(Object(CFilterChain))
#3 /var/www/yii/framework/web/filters/CInlineFilter.php(59): CController->filterAccessControl(Object(CFilterChain))
#4 /var/www/yii/framework/web/filters/CFilterChain.php(131): CInlineFilter->filter(Object(CFilterChain))
#5 /var/www/yii/framework/web/CController.php(292): CFilterChain->run()
#6 /var/www/yii/framework/web/CController.php(266): CController->runActionWithFilters(Object(CInlineAction), Array)
#7 /var/www/yii/framework/web/CWebApplication.php(276): CController->run('admin')
#8 /var/www/yii/framework/web/CWebApplication.php(135): CWebApplication->runController('user/admin')
#9 /var/www/yii/framework/base/CApplication.php(162): CWebApplication->processRequest()
#10 /var/www/kabalaba/index.php(13): CApplication->run()
#11 {main}
REQUEST_URI=/kabalaba/index.php?r=user/admin
HTTP_REFERER=http://localhost/kabalaba/index.php?r=user/create
---
